# JRE version: Java(TM) SE Runtime Environment (8.0_151-b12) (build 1.8.0_151-b12)
# Java VM: Java HotSpot(TM) 64-Bit Server VM (25.151-b12 mixed mode bsd-amd64 compressed oops)
Heap:
 PSYoungGen      total 230400K, used 190044K [0x00000007b0000000, 0x00000007c0000000, 0x00000007c0000000)
  eden space 199168K, 91% used [0x00000007b0000000,0x00000007bb1bfe18,0x00000007bc280000)
  from space 31232K, 25% used [0x00000007bc280000,0x00000007bca573e8,0x00000007be100000)
  to   space 30208K, 0% used [0x00000007be280000,0x00000007be280000,0x00000007c0000000)
 ParOldGen       total 524288K, used 122355K [0x0000000790000000, 0x00000007b0000000, 0x00000007b0000000)
  object space 524288K, 23% used [0x0000000790000000,0x000000079777cfc8,0x00000007b0000000)
 Metaspace       used 78646K, capacity 84254K, committed 84376K, reserved 1122304K
  class space    used 9959K, capacity 11670K, committed 11696K, reserved 1048576K
GC Heap History (10 events):
Event: 3265.903 GC heap before
{Heap before GC invocations=56 (full 3):
 PSYoungGen      total 227328K, used 202591K [0x00000007b0000000, 0x00000007c0000000, 0x00000007c0000000)
  eden space 191488K, 100% used [0x00000007b0000000,0x00000007bbb00000,0x00000007bbb00000)
  from space 35840K, 30% used [0x00000007bdd00000,0x00000007be7d7f90,0x00000007c0000000)
  to   space 34816K, 0% used [0x00000007bbb00000,0x00000007bbb00000,0x00000007bdd00000)
 ParOldGen       total 524288K, used 119602K [0x0000000790000000, 0x00000007b0000000, 0x00000007b0000000)
  object space 524288K, 22% used [0x0000000790000000,0x00000007974cc910,0x00000007b0000000)
 Metaspace       used 78230K, capacity 83646K, committed 83864K, reserved 1122304K
  class space    used 9919K, capacity 11606K, committed 11696K, reserved 1048576K
Event: 3266.054 GC heap after
Heap after GC invocations=56 (full 3):
 PSYoungGen      total 226304K, used 10250K [0x00000007b0000000, 0x00000007c0000000, 0x00000007c0000000)
  eden space 191488K, 0% used [0x00000007b0000000,0x00000007b0000000,0x00000007bbb00000)
  from space 34816K, 29% used [0x00000007bbb00000,0x00000007bc502a60,0x00000007bdd00000)
  to   space 33792K, 0% used [0x00000007bdf00000,0x00000007bdf00000,0x00000007c0000000)
 ParOldGen       total 524288K, used 119698K [0x0000000790000000, 0x00000007b0000000, 0x00000007b0000000)
  object space 524288K, 22% used [0x0000000790000000,0x00000007974e4910,0x00000007b0000000)
 Metaspace       used 78230K, capacity 83646K, committed 83864K, reserved 1122304K
  class space    used 9919K, capacity 11606K, committed 11696K, reserved 1048576K
}
Event: 3290.515 GC heap before
{Heap before GC invocations=57 (full 3):
 PSYoungGen      total 226304K, used 201581K [0x00000007b0000000, 0x00000007c0000000, 0x00000007c0000000)
  eden space 191488K, 99% used [0x00000007b0000000,0x00000007bbad8ac8,0x00000007bbb00000)
  from space 34816K, 29% used [0x00000007bbb00000,0x00000007bc502a60,0x00000007bdd00000)
  to   space 33792K, 0% used [0x00000007bdf00000,0x00000007bdf00000,0x00000007c0000000)
 ParOldGen       total 524288K, used 119698K [0x0000000790000000, 0x00000007b0000000, 0x00000007b0000000)
  object space 524288K, 22% used [0x0000000790000000,0x00000007974e4910,0x00000007b0000000)
 Metaspace       used 78250K, capacity 83646K, committed 83864K, reserved 1122304K
  class space    used 9919K, capacity 11606K, committed 11696K, reserved 1048576K
Event: 3290.718 GC heap after
Heap after GC invocations=57 (full 3):
 PSYoungGen      total 229376K, used 9821K [0x00000007b0000000, 0x00000007c0000000, 0x00000007c0000000)
  eden space 195584K, 0% used [0x00000007b0000000,0x00000007b0000000,0x00000007bbf00000)
  from space 33792K, 29% used [0x00000007bdf00000,0x00000007be897408,0x00000007c0000000)
  to   space 32768K, 0% used [0x00000007bbf00000,0x00000007bbf00000,0x00000007bdf00000)
 ParOldGen       total 524288K, used 120395K [0x0000000790000000, 0x00000007b0000000, 0x00000007b0000000)
  object space 524288K, 22% used [0x0000000790000000,0x0000000797592fa8,0x00000007b0000000)
 Metaspace       used 78250K, capacity 83646K, committed 83864K, reserved 1122304K
  class space    used 9919K, capacity 11606K, committed 11696K, reserved 1048576K
}
Event: 3308.539 GC heap before
{Heap before GC invocations=58 (full 3):
 PSYoungGen      total 229376K, used 205405K [0x00000007b0000000, 0x00000007c0000000, 0x00000007c0000000)
  eden space 195584K, 100% used [0x00000007b0000000,0x00000007bbf00000,0x00000007bbf00000)
  from space 33792K, 29% used [0x00000007bdf00000,0x00000007be897408,0x00000007c0000000)
  to   space 32768K, 0% used [0x00000007bbf00000,0x00000007bbf00000,0x00000007bdf00000)
 ParOldGen       total 524288K, used 120395K [0x0000000790000000, 0x00000007b0000000, 0x00000007b0000000)
  object space 524288K, 22% used [0x0000000790000000,0x0000000797592fa8,0x00000007b0000000)
 Metaspace       used 78256K, capacity 83710K, committed 83864K, reserved 1122304K
  class space    used 9919K, capacity 11606K, committed 11696K, reserved 1048576K
Event: 3308.625 GC heap after
Heap after GC invocations=58 (full 3):
 PSYoungGen      total 228352K, used 8739K [0x00000007b0000000, 0x00000007c0000000, 0x00000007c0000000)
  eden space 195584K, 0% used [0x00000007b0000000,0x00000007b0000000,0x00000007bbf00000)
  from space 32768K, 26% used [0x00000007bbf00000,0x00000007bc788c00,0x00000007bdf00000)
  to   space 31744K, 0% used [0x00000007be100000,0x00000007be100000,0x00000007c0000000)
 ParOldGen       total 524288K, used 121395K [0x0000000790000000, 0x00000007b0000000, 0x00000007b0000000)
  object space 524288K, 23% used [0x0000000790000000,0x000000079768cfc8,0x00000007b0000000)
 Metaspace       used 78256K, capacity 83710K, committed 83864K, reserved 1122304K
  class space    used 9919K, capacity 11606K, committed 11696K, reserved 1048576K
}
Event: 3336.576 GC heap before
{Heap before GC invocations=59 (full 3):
 PSYoungGen      total 228352K, used 204323K [0x00000007b0000000, 0x00000007c0000000, 0x00000007c0000000)
  eden space 195584K, 100% used [0x00000007b0000000,0x00000007bbf00000,0x00000007bbf00000)
  from space 32768K, 26% used [0x00000007bbf00000,0x00000007bc788c00,0x00000007bdf00000)
  to   space 31744K, 0% used [0x00000007be100000,0x00000007be100000,0x00000007c0000000)
 ParOldGen       total 524288K, used 121395K [0x0000000790000000, 0x00000007b0000000, 0x00000007b0000000)
  object space 524288K, 23% used [0x0000000790000000,0x000000079768cfc8,0x00000007b0000000)
 Metaspace       used 78336K, capacity 83848K, committed 84120K, reserved 1122304K
  class space    used 9932K, capacity 11629K, committed 11696K, reserved 1048576K
Event: 3336.795 GC heap after
Heap after GC invocations=59 (full 3):
 PSYoungGen      total 230912K, used 8126K [0x00000007b0000000, 0x00000007c0000000, 0x00000007c0000000)
  eden space 199168K, 0% used [0x00000007b0000000,0x00000007b0000000,0x00000007bc280000)
  from space 31744K, 25% used [0x00000007be100000,0x00000007be8ef928,0x00000007c0000000)
  to   space 31232K, 0% used [0x00000007bc280000,0x00000007bc280000,0x00000007be100000)
 ParOldGen       total 524288K, used 121835K [0x0000000790000000, 0x00000007b0000000, 0x00000007b0000000)
  object space 524288K, 23% used [0x0000000790000000,0x00000007976fafc8,0x00000007b0000000)
 Metaspace       used 78336K, capacity 83848K, committed 84120K, reserved 1122304K
  class space    used 9932K, capacity 11629K, committed 11696K, reserved 1048576K
}
Event: 3357.323 GC heap before
{Heap before GC invocations=60 (full 3):
 PSYoungGen      total 230912K, used 207294K [0x00000007b0000000, 0x00000007c0000000, 0x00000007c0000000)
  eden space 199168K, 100% used [0x00000007b0000000,0x00000007bc280000,0x00000007bc280000)
  from space 31744K, 25% used [0x00000007be100000,0x00000007be8ef928,0x00000007c0000000)
  to   space 31232K, 0% used [0x00000007bc280000,0x00000007bc280000,0x00000007be100000)
 ParOldGen       total 524288K, used 121835K [0x0000000790000000, 0x00000007b0000000, 0x00000007b0000000)
  object space 524288K, 23% used [0x0000000790000000,0x00000007976fafc8,0x00000007b0000000)
 Metaspace       used 78343K, capacity 83860K, committed 84120K, reserved 1122304K
  class space    used 9933K, capacity 11631K, committed 11696K, reserved 1048576K
Event: 3357.373 GC heap after
Heap after GC invocations=60 (full 3):
 PSYoungGen      total 230400K, used 8028K [0x00000007b0000000, 0x00000007c0000000, 0x00000007c0000000)
  eden space 199168K, 0% used [0x00000007b0000000,0x00000007b0000000,0x00000007bc280000)
  from space 31232K, 25% used [0x00000007bc280000,0x00000007bca573e8,0x00000007be100000)
  to   space 30208K, 0% used [0x00000007be280000,0x00000007be280000,0x00000007c0000000)
 ParOldGen       total 524288K, used 122355K [0x0000000790000000, 0x00000007b0000000, 0x00000007b0000000)
  object space 524288K, 23% used [0x0000000790000000,0x000000079777cfc8,0x00000007b0000000)
 Metaspace       used 78343K, capacity 83860K, committed 84120K, reserved 1122304K
  class space    used 9933K, capacity 11631K, committed 11696K, reserved 1048576K
}

