# JRE version: Java(TM) SE Runtime Environment (8.0_151-b12) (build 1.8.0_151-b12)
# Java VM: Java HotSpot(TM) 64-Bit Server VM (25.151-b12 mixed mode bsd-amd64 compressed oops)
Heap:
 PSYoungGen      total 237056K, used 139208K [0x00000007b0000000, 0x00000007c0000000, 0x00000007c0000000)
  eden space 212480K, 59% used [0x00000007b0000000,0x00000007b7aa6268,0x00000007bcf80000)
  from space 24576K, 55% used [0x00000007bcf80000,0x00000007bdccbf88,0x00000007be780000)
  to   space 23552K, 0% used [0x00000007be900000,0x00000007be900000,0x00000007c0000000)
 ParOldGen       total 524288K, used 146253K [0x0000000790000000, 0x00000007b0000000, 0x00000007b0000000)
  object space 524288K, 27% used [0x0000000790000000,0x0000000798ed3710,0x00000007b0000000)
 Metaspace       used 83374K, capacity 88948K, committed 89240K, reserved 1126400K
  class space    used 10486K, capacity 12081K, committed 12208K, reserved 1048576K
GC Heap History (10 events):
Event: 4405.084 GC heap before
{Heap before GC invocations=190 (full 3):
 PSYoungGen      total 235520K, used 225374K [0x00000007b0000000, 0x00000007c0000000, 0x00000007c0000000)
  eden space 208384K, 100% used [0x00000007b0000000,0x00000007bcb80000,0x00000007bcb80000)
  from space 27136K, 62% used [0x00000007be580000,0x00000007bf617a80,0x00000007c0000000)
  to   space 26624K, 0% used [0x00000007bcb80000,0x00000007bcb80000,0x00000007be580000)
 ParOldGen       total 524288K, used 137173K [0x0000000790000000, 0x00000007b0000000, 0x00000007b0000000)
  object space 524288K, 26% used [0x0000000790000000,0x00000007985f55e8,0x00000007b0000000)
 Metaspace       used 80493K, capacity 85730K, committed 85912K, reserved 1124352K
  class space    used 10107K, capacity 11611K, committed 11696K, reserved 1048576K
Event: 4405.210 GC heap after
Heap after GC invocations=190 (full 3):
 PSYoungGen      total 235008K, used 11205K [0x00000007b0000000, 0x00000007c0000000, 0x00000007c0000000)
  eden space 208384K, 0% used [0x00000007b0000000,0x00000007b0000000,0x00000007bcb80000)
  from space 26624K, 42% used [0x00000007bcb80000,0x00000007bd671498,0x00000007be580000)
  to   space 26112K, 0% used [0x00000007be680000,0x00000007be680000,0x00000007c0000000)
 ParOldGen       total 524288K, used 143397K [0x0000000790000000, 0x00000007b0000000, 0x00000007b0000000)
  object space 524288K, 27% used [0x0000000790000000,0x0000000798c095e8,0x00000007b0000000)
 Metaspace       used 80493K, capacity 85730K, committed 85912K, reserved 1124352K
  class space    used 10107K, capacity 11611K, committed 11696K, reserved 1048576K
}
Event: 4465.371 GC heap before
{Heap before GC invocations=191 (full 3):
 PSYoungGen      total 235008K, used 219589K [0x00000007b0000000, 0x00000007c0000000, 0x00000007c0000000)
  eden space 208384K, 100% used [0x00000007b0000000,0x00000007bcb80000,0x00000007bcb80000)
  from space 26624K, 42% used [0x00000007bcb80000,0x00000007bd671498,0x00000007be580000)
  to   space 26112K, 0% used [0x00000007be680000,0x00000007be680000,0x00000007c0000000)
 ParOldGen       total 524288K, used 143397K [0x0000000790000000, 0x00000007b0000000, 0x00000007b0000000)
  object space 524288K, 27% used [0x0000000790000000,0x0000000798c095e8,0x00000007b0000000)
 Metaspace       used 80663K, capacity 85928K, committed 86168K, reserved 1124352K
  class space    used 10126K, capacity 11612K, committed 11696K, reserved 1048576K
Event: 4465.581 GC heap after
Heap after GC invocations=191 (full 3):
 PSYoungGen      total 236544K, used 9483K [0x00000007b0000000, 0x00000007c0000000, 0x00000007c0000000)
  eden space 210432K, 0% used [0x00000007b0000000,0x00000007b0000000,0x00000007bcd80000)
  from space 26112K, 36% used [0x00000007be680000,0x00000007befc2f70,0x00000007c0000000)
  to   space 25600K, 0% used [0x00000007bcd80000,0x00000007bcd80000,0x00000007be680000)
 ParOldGen       total 524288K, used 145744K [0x0000000790000000, 0x00000007b0000000, 0x00000007b0000000)
  object space 524288K, 27% used [0x0000000790000000,0x0000000798e54208,0x00000007b0000000)
 Metaspace       used 80663K, capacity 85928K, committed 86168K, reserved 1124352K
  class space    used 10126K, capacity 11612K, committed 11696K, reserved 1048576K
}
Event: 4686.700 GC heap before
{Heap before GC invocations=192 (full 3):
 PSYoungGen      total 236544K, used 219739K [0x00000007b0000000, 0x00000007c0000000, 0x00000007c0000000)
  eden space 210432K, 99% used [0x00000007b0000000,0x00000007bcd53ce0,0x00000007bcd80000)
  from space 26112K, 36% used [0x00000007be680000,0x00000007befc2f70,0x00000007c0000000)
  to   space 25600K, 0% used [0x00000007bcd80000,0x00000007bcd80000,0x00000007be680000)
 ParOldGen       total 524288K, used 145744K [0x0000000790000000, 0x00000007b0000000, 0x00000007b0000000)
  object space 524288K, 27% used [0x0000000790000000,0x0000000798e54208,0x00000007b0000000)
 Metaspace       used 81036K, capacity 86414K, committed 86552K, reserved 1124352K
  class space    used 10177K, capacity 11698K, committed 11824K, reserved 1048576K
Event: 4686.950 GC heap after
Heap after GC invocations=192 (full 3):
 PSYoungGen      total 236032K, used 9946K [0x00000007b0000000, 0x00000007c0000000, 0x00000007c0000000)
  eden space 210432K, 0% used [0x00000007b0000000,0x00000007b0000000,0x00000007bcd80000)
  from space 25600K, 38% used [0x00000007bcd80000,0x00000007bd736a70,0x00000007be680000)
  to   space 25088K, 0% used [0x00000007be780000,0x00000007be780000,0x00000007c0000000)
 ParOldGen       total 524288K, used 145864K [0x0000000790000000, 0x00000007b0000000, 0x00000007b0000000)
  object space 524288K, 27% used [0x0000000790000000,0x0000000798e72208,0x00000007b0000000)
 Metaspace       used 81036K, capacity 86414K, committed 86552K, reserved 1124352K
  class space    used 10177K, capacity 11698K, committed 11824K, reserved 1048576K
}
Event: 4722.638 GC heap before
{Heap before GC invocations=193 (full 3):
 PSYoungGen      total 236032K, used 220378K [0x00000007b0000000, 0x00000007c0000000, 0x00000007c0000000)
  eden space 210432K, 100% used [0x00000007b0000000,0x00000007bcd80000,0x00000007bcd80000)
  from space 25600K, 38% used [0x00000007bcd80000,0x00000007bd736a70,0x00000007be680000)
  to   space 25088K, 0% used [0x00000007be780000,0x00000007be780000,0x00000007c0000000)
 ParOldGen       total 524288K, used 145864K [0x0000000790000000, 0x00000007b0000000, 0x00000007b0000000)
  object space 524288K, 27% used [0x0000000790000000,0x0000000798e72208,0x00000007b0000000)
 Metaspace       used 81482K, capacity 86984K, committed 87064K, reserved 1124352K
  class space    used 10278K, capacity 11821K, committed 11824K, reserved 1048576K
Event: 4722.723 GC heap after
Heap after GC invocations=193 (full 3):
 PSYoungGen      total 237568K, used 10091K [0x00000007b0000000, 0x00000007c0000000, 0x00000007c0000000)
  eden space 212480K, 0% used [0x00000007b0000000,0x00000007b0000000,0x00000007bcf80000)
  from space 25088K, 40% used [0x00000007be780000,0x00000007bf15af60,0x00000007c0000000)
  to   space 24576K, 0% used [0x00000007bcf80000,0x00000007bcf80000,0x00000007be780000)
 ParOldGen       total 524288K, used 146048K [0x0000000790000000, 0x00000007b0000000, 0x00000007b0000000)
  object space 524288K, 27% used [0x0000000790000000,0x0000000798ea0208,0x00000007b0000000)
 Metaspace       used 81482K, capacity 86984K, committed 87064K, reserved 1124352K
  class space    used 10278K, capacity 11821K, committed 11824K, reserved 1048576K
}
Event: 4804.230 GC heap before
{Heap before GC invocations=194 (full 3):
 PSYoungGen      total 237568K, used 222571K [0x00000007b0000000, 0x00000007c0000000, 0x00000007c0000000)
  eden space 212480K, 100% used [0x00000007b0000000,0x00000007bcf80000,0x00000007bcf80000)
  from space 25088K, 40% used [0x00000007be780000,0x00000007bf15af60,0x00000007c0000000)
  to   space 24576K, 0% used [0x00000007bcf80000,0x00000007bcf80000,0x00000007be780000)
 ParOldGen       total 524288K, used 146048K [0x0000000790000000, 0x00000007b0000000, 0x00000007b0000000)
  object space 524288K, 27% used [0x0000000790000000,0x0000000798ea0208,0x00000007b0000000)
 Metaspace       used 82107K, capacity 87624K, committed 87704K, reserved 1124352K
  class space    used 10375K, capacity 11941K, committed 11952K, reserved 1048576K
Event: 4804.330 GC heap after
Heap after GC invocations=194 (full 3):
 PSYoungGen      total 237056K, used 13615K [0x00000007b0000000, 0x00000007c0000000, 0x00000007c0000000)
  eden space 212480K, 0% used [0x00000007b0000000,0x00000007b0000000,0x00000007bcf80000)
  from space 24576K, 55% used [0x00000007bcf80000,0x00000007bdccbf88,0x00000007be780000)
  to   space 23552K, 0% used [0x00000007be900000,0x00000007be900000,0x00000007c0000000)
 ParOldGen       total 524288K, used 146253K [0x0000000790000000, 0x00000007b0000000, 0x00000007b0000000)
  object space 524288K, 27% used [0x0000000790000000,0x0000000798ed3710,0x00000007b0000000)
 Metaspace       used 82107K, capacity 87624K, committed 87704K, reserved 1124352K
  class space    used 10375K, capacity 11941K, committed 11952K, reserved 1048576K
}

